2021-07-15 23:51:24,179 INFO c.e.a.AllureHomeProjectApplicationTests [main] Сайт открыт
2021-07-15 23:51:24,179 INFO c.e.a.AllureHomeProjectApplicationTests [main] Проверяем title страницы
2021-07-15 23:55:38,151 INFO c.e.a.AllureHomeProjectApplicationTests [main] Драйвер поднят
2021-07-15 23:55:40,530 INFO c.e.a.AllureHomeProjectApplicationTests [main] Сайт открыт
2021-07-15 23:55:40,530 INFO c.e.a.AllureHomeProjectApplicationTests [main] Проверяем title страницы
2021-07-15 23:57:08,456 INFO c.e.a.AllureHomeProjectApplicationTests [main] Драйвер поднят
2021-07-15 23:57:11,124 INFO c.e.a.AllureHomeProjectApplicationTests [main] Сайт открыт
2021-07-15 23:57:11,132 INFO c.e.a.AllureHomeProjectApplicationTests [main] Проверяем title страницы
2021-07-15 23:57:25,117 INFO c.e.a.AllureHomeProjectApplicationTests [main] Драйвер поднят
2021-07-15 23:57:27,752 INFO c.e.a.AllureHomeProjectApplicationTests [main] Сайт открыт
2021-07-15 23:57:27,752 INFO c.e.a.AllureHomeProjectApplicationTests [main] Проверяем title страницы
2021-07-15 23:57:30,338 INFO c.e.a.AllureHomeProjectApplicationTests [main] Драйвер поднят
2021-07-15 23:57:33,379 INFO c.e.a.AllureHomeProjectApplicationTests [main] Открыто окно браузера на полный экран
2021-07-15 23:57:33,483 INFO c.e.a.AllureHomeProjectApplicationTests [main] (1552, 840)
2021-07-15 23:57:36,501 INFO c.e.a.AllureHomeProjectApplicationTests [main] Драйвер поднят
2021-07-15 23:57:39,199 INFO c.e.a.AllureHomeProjectApplicationTests [main] Сайт открыт
2021-07-15 23:57:43,203 INFO c.e.a.AllureHomeProjectApplicationTests [main] Открыта страница Контакты
2021-07-15 23:57:43,203 INFO c.e.a.AllureHomeProjectApplicationTests [main] Проверяем title страницы Контакты
2021-07-15 23:57:45,479 INFO c.e.a.AllureHomeProjectApplicationTests [main] Драйвер поднят
2021-07-15 23:57:48,113 INFO c.e.a.AllureHomeProjectApplicationTests [main] Сайт открыт
2021-07-15 23:57:49,754 INFO c.e.a.AllureHomeProjectApplicationTests [main] Открыта страница FAQ
2021-07-15 23:57:50,374 INFO c.e.a.AllureHomeProjectApplicationTests [main] Текст соответствует ожидаемому
2021-07-15 23:57:52,592 INFO c.e.a.AllureHomeProjectApplicationTests [main] Драйвер поднят
2021-07-15 23:57:55,232 INFO c.e.a.AllureHomeProjectApplicationTests [main] Сайт открыт
2021-07-15 23:57:55,320 INFO c.e.a.AllureHomeProjectApplicationTests [main] Поле email очищено
2021-07-15 23:57:56,595 INFO c.e.a.AllureHomeProjectApplicationTests [main] Нажата кнопка Подписаться
2021-07-15 23:57:56,699 INFO c.e.a.AllureHomeProjectApplicationTests [main] Текст Вы успешно подписались
2021-07-15 23:57:58,934 INFO c.e.a.AllureHomeProjectApplicationTests [main] Драйвер поднят
2021-07-15 23:58:03,672 INFO c.e.a.AllureHomeProjectApplicationTests [main] Открыта страница Контакты
2021-07-16 00:02:57,994 INFO c.e.a.AllureHomeProjectApplicationTests [main] Драйвер поднят
2021-07-16 00:03:01,240 INFO c.e.a.AllureHomeProjectApplicationTests [main] Сайт открыт
2021-07-16 00:03:01,330 INFO c.e.a.AllureHomeProjectApplicationTests [main] Поле email очищено
2021-07-16 00:03:02,310 INFO c.e.a.AllureHomeProjectApplicationTests [main] Нажата кнопка Подписаться
2021-07-16 00:03:02,486 INFO c.e.a.AllureHomeProjectApplicationTests [main] Текст Вы успешно подписались
2021-07-16 00:05:14,097 INFO c.e.a.AllureHomeProjectApplicationTests [main] Драйвер поднят
2021-07-16 00:05:17,130 INFO c.e.a.AllureHomeProjectApplicationTests [main] Сайт открыт
2021-07-16 00:05:17,130 INFO c.e.a.AllureHomeProjectApplicationTests [main] Проверяем title страницы
2021-07-16 00:05:19,890 INFO c.e.a.AllureHomeProjectApplicationTests [main] Драйвер поднят
2021-07-16 00:05:22,728 INFO c.e.a.AllureHomeProjectApplicationTests [main] Открыто окно браузера на полный экран
2021-07-16 00:05:22,840 INFO c.e.a.AllureHomeProjectApplicationTests [main] (1552, 840)
2021-07-16 00:05:26,343 INFO c.e.a.AllureHomeProjectApplicationTests [main] Драйвер поднят
2021-07-16 00:05:29,197 INFO c.e.a.AllureHomeProjectApplicationTests [main] Сайт открыт
2021-07-16 00:05:33,183 INFO c.e.a.AllureHomeProjectApplicationTests [main] Открыта страница Контакты
2021-07-16 00:05:33,183 INFO c.e.a.AllureHomeProjectApplicationTests [main] Проверяем title страницы Контакты
2021-07-16 00:05:36,016 INFO c.e.a.AllureHomeProjectApplicationTests [main] Драйвер поднят
2021-07-16 00:05:38,743 INFO c.e.a.AllureHomeProjectApplicationTests [main] Сайт открыт
2021-07-16 00:05:40,351 INFO c.e.a.AllureHomeProjectApplicationTests [main] Открыта страница FAQ
2021-07-16 00:05:40,968 INFO c.e.a.AllureHomeProjectApplicationTests [main] Текст соответствует ожидаемому
2021-07-16 00:05:43,643 INFO c.e.a.AllureHomeProjectApplicationTests [main] Драйвер поднят
2021-07-16 00:05:46,420 INFO c.e.a.AllureHomeProjectApplicationTests [main] Сайт открыт
2021-07-16 00:05:46,508 INFO c.e.a.AllureHomeProjectApplicationTests [main] Поле email очищено
2021-07-16 00:05:47,639 INFO c.e.a.AllureHomeProjectApplicationTests [main] Нажата кнопка Подписаться
2021-07-16 00:05:47,743 INFO c.e.a.AllureHomeProjectApplicationTests [main] Текст Вы успешно подписались
2021-07-16 00:05:50,694 INFO c.e.a.AllureHomeProjectApplicationTests [main] Драйвер поднят
2021-07-16 00:05:55,289 INFO c.e.a.AllureHomeProjectApplicationTests [main] Открыта страница Контакты
